<?xml version="1.0" encoding="UTF-8"?>
<!-- Generated by org.testng.reporters.JUnitReportReporter -->
<testsuite skipped="0" hostname="Amruta-PC" name="com.WebShop.qa.testcases.WelcomepageTest" tests="1" failures="0" timestamp="17 Aug 2021 19:29:36 GMT" time="24.260" errors="0">
  <testcase name="loginbuttontest" time="24.260" classname="com.WebShop.qa.testcases.WelcomepageTest"/>
</testsuite> <!-- com.WebShop.qa.testcases.WelcomepageTest -->
