<?xml version="1.0" encoding="UTF-8"?>
<!-- Generated by org.testng.reporters.JUnitReportReporter -->
<testsuite skipped="0" hostname="Amruta-PC" name="com.WebShop.qa.testcases.LoginpageTest" tests="1" failures="0" timestamp="19 Aug 2021 18:25:54 GMT" time="48.372" errors="0">
  <testcase name="validatelogintest" time="48.372" classname="com.WebShop.qa.testcases.LoginpageTest"/>
</testsuite> <!-- com.WebShop.qa.testcases.LoginpageTest -->
